23:38:02.102 [main] ERROR com.intuit.karate.core.FeatureParser - not a valid feature file: sharks/insurance.feature - mismatched input '{' expecting <EOF>
23:40:13.604 [main] DEBUG com.intuit.karate.Suite - [config] classpath:karate-config.js
23:40:14.908 [main] INFO  com.intuit.karate - karate.env system property was: null 
23:40:15.081 [main] ERROR com.intuit.karate - classpath:sharks/insurance.feature:11
And method post
java.net.URISyntaxException: Illegal character in scheme name at index 0:  https://tek-insurance-api.azurewebsites.net/
classpath:sharks/insurance.feature:11
23:42:08.204 [main] DEBUG com.intuit.karate.Suite - [config] classpath:karate-config.js
23:42:09.355 [main] INFO  com.intuit.karate - karate.env system property was: null 
23:42:09.522 [main] ERROR com.intuit.karate - classpath:sharks/insurance.feature:11
And method post
java.net.URISyntaxException: Illegal character in scheme name at index 0:  https://tek-insurance-api.azurewebsites.net/
classpath:sharks/insurance.feature:11
23:43:19.098 [main] DEBUG com.intuit.karate.Suite - [config] classpath:karate-config.js
23:43:20.329 [main] INFO  com.intuit.karate - karate.env system property was: null 
23:43:20.498 [main] ERROR com.intuit.karate - classpath:sharks/insurance.feature:11
And method post
java.net.URISyntaxException: Illegal character in scheme name at index 0:  https://tek-insurance-api.azurewebsites.net/
classpath:sharks/insurance.feature:11
23:44:35.496 [main] DEBUG com.intuit.karate.Suite - [config] classpath:karate-config.js
23:44:36.568 [main] INFO  com.intuit.karate - karate.env system property was: null 
23:44:36.721 [main] ERROR com.intuit.karate - classpath:sharks/insurance.feature:11
And method post
java.net.URISyntaxException: Illegal character in scheme name at index 0:  https://tek-insurance-api.azurewebsites.net/
classpath:sharks/insurance.feature:11
23:46:15.576 [main] DEBUG com.intuit.karate.Suite - [config] classpath:karate-config.js
23:46:16.625 [main] INFO  com.intuit.karate - karate.env system property was: null 
23:46:17.577 [main] DEBUG com.intuit.karate - request:
1 > POST https://tek-insurance-api.azurewebsites.net/api/token
1 > Content-Type: application/json; charset=UTF-8
1 > Content-Length: 39
1 > Host: tek-insurance-api.azurewebsites.net
1 > Connection: Keep-Alive
1 > User-Agent: Apache-HttpClient/4.5.13 (Java/1.8.0_311)
1 > Accept-Encoding: gzip,deflate
{"username":"admin","password":"admin"}

23:46:18.382 [main] DEBUG com.intuit.karate - response time in milliseconds: 799
1 < 200
1 < Content-Type: application/json
1 < Date: Thu, 09 Jun 2022 03:46:18 GMT
1 < Cache-Control: no-cache, no-store, max-age=0, must-revalidate
1 < Expires: 0
1 < Pragma: no-cache
1 < Transfer-Encoding: chunked
1 < Vary: Origin
1 < Vary: Access-Control-Request-Method
1 < Vary: Access-Control-Request-Headers
1 < X-Content-Type-Options: nosniff
1 < X-XSS-Protection: 1; mode=block
1 < Strict-Transport-Security: max-age=31536000 ; includeSubDomains
1 < X-Frame-Options: DENY
{"fullName":"Admin User","username":"Admin","token":"eyJraWQiOiJUZWtzY2hvb2wgSW5zdXJhbmNlIEFwcGxpY2F0aW9uIiwidHlwIjoiSldUIiwiYWxnIjoiSFM1MTIifQ.eyJhdWQiOiJVc2VyIG1hbmFnZW1lbnQgcG9ydGFsIiwic3ViIjoiQWRtaW4iLCJpc3MiOiJUZWsgSW5zdXJhbmNlIEFwcGxpY2F0aW9uIiwiQXV0aG9yaXRpZXMiOlsiQURNSU4iXSwiZXhwIjoxNjU0ODMyNzc4LCJpYXQiOjE2NTQ3NDYzNzh9.d032Zf6qOYhMqW30RkGReYLQWM1M_3qTNzKW7Q0-f-lVCamG_9e0U_GKJhC06kbyhSPea1qW6_3G2JXyaTAP7Q","generateDate":1654746378330}

23:46:18.429 [main] INFO  com.intuit.karate - [print] {
  "fullName": "Admin User",
  "username": "Admin",
  "token": "eyJraWQiOiJUZWtzY2hvb2wgSW5zdXJhbmNlIEFwcGxpY2F0aW9uIiwidHlwIjoiSldUIiwiYWxnIjoiSFM1MTIifQ.eyJhdWQiOiJVc2VyIG1hbmFnZW1lbnQgcG9ydGFsIiwic3ViIjoiQWRtaW4iLCJpc3MiOiJUZWsgSW5zdXJhbmNlIEFwcGxpY2F0aW9uIiwiQXV0aG9yaXRpZXMiOlsiQURNSU4iXSwiZXhwIjoxNjU0ODMyNzc4LCJpYXQiOjE2NTQ3NDYzNzh9.d032Zf6qOYhMqW30RkGReYLQWM1M_3qTNzKW7Q0-f-lVCamG_9e0U_GKJhC06kbyhSPea1qW6_3G2JXyaTAP7Q",
  "generateDate": 1654746378330
}
 
23:54:27.794 [main] DEBUG com.intuit.karate.Suite - [config] classpath:karate-config.js
23:54:29.003 [main] INFO  com.intuit.karate - karate.env system property was: null 
23:54:29.715 [main] DEBUG com.intuit.karate - request:
1 > POST https://tek-insurance-api.azurewebsites.net/api/token
1 > Content-Type: application/json; charset=UTF-8
1 > Content-Length: 39
1 > Host: tek-insurance-api.azurewebsites.net
1 > Connection: Keep-Alive
1 > User-Agent: Apache-HttpClient/4.5.13 (Java/1.8.0_311)
1 > Accept-Encoding: gzip,deflate
{"username":"admin","password":"admin"}

23:54:30.473 [main] DEBUG com.intuit.karate - response time in milliseconds: 752
1 < 200
1 < Content-Type: application/json
1 < Date: Thu, 09 Jun 2022 03:54:30 GMT
1 < Cache-Control: no-cache, no-store, max-age=0, must-revalidate
1 < Expires: 0
1 < Pragma: no-cache
1 < Transfer-Encoding: chunked
1 < Vary: Origin
1 < Vary: Access-Control-Request-Method
1 < Vary: Access-Control-Request-Headers
1 < X-Content-Type-Options: nosniff
1 < X-XSS-Protection: 1; mode=block
1 < Strict-Transport-Security: max-age=31536000 ; includeSubDomains
1 < X-Frame-Options: DENY
{"fullName":"Admin User","username":"Admin","token":"eyJraWQiOiJUZWtzY2hvb2wgSW5zdXJhbmNlIEFwcGxpY2F0aW9uIiwidHlwIjoiSldUIiwiYWxnIjoiSFM1MTIifQ.eyJhdWQiOiJVc2VyIG1hbmFnZW1lbnQgcG9ydGFsIiwic3ViIjoiQWRtaW4iLCJpc3MiOiJUZWsgSW5zdXJhbmNlIEFwcGxpY2F0aW9uIiwiQXV0aG9yaXRpZXMiOlsiQURNSU4iXSwiZXhwIjoxNjU0ODMzMjcwLCJpYXQiOjE2NTQ3NDY4NzB9.lxN0aCp24Wgv7SpooXZe3Kt7triDEZox3IdSmasx7vTu8YOBIr4ZjUFTkDM9MhE8J8PfO9fxzhtXzhgWAXudrg","generateDate":1654746870420}

23:54:30.522 [main] INFO  com.intuit.karate - [print] {
  "fullName": "Admin User",
  "username": "Admin",
  "token": "eyJraWQiOiJUZWtzY2hvb2wgSW5zdXJhbmNlIEFwcGxpY2F0aW9uIiwidHlwIjoiSldUIiwiYWxnIjoiSFM1MTIifQ.eyJhdWQiOiJVc2VyIG1hbmFnZW1lbnQgcG9ydGFsIiwic3ViIjoiQWRtaW4iLCJpc3MiOiJUZWsgSW5zdXJhbmNlIEFwcGxpY2F0aW9uIiwiQXV0aG9yaXRpZXMiOlsiQURNSU4iXSwiZXhwIjoxNjU0ODMzMjcwLCJpYXQiOjE2NTQ3NDY4NzB9.lxN0aCp24Wgv7SpooXZe3Kt7triDEZox3IdSmasx7vTu8YOBIr4ZjUFTkDM9MhE8J8PfO9fxzhtXzhgWAXudrg",
  "generateDate": 1654746870420
}
 
23:54:30.532 [main] INFO  com.intuit.karate - [print] eyJraWQiOiJUZWtzY2hvb2wgSW5zdXJhbmNlIEFwcGxpY2F0aW9uIiwidHlwIjoiSldUIiwiYWxnIjoiSFM1MTIifQ.eyJhdWQiOiJVc2VyIG1hbmFnZW1lbnQgcG9ydGFsIiwic3ViIjoiQWRtaW4iLCJpc3MiOiJUZWsgSW5zdXJhbmNlIEFwcGxpY2F0aW9uIiwiQXV0aG9yaXRpZXMiOlsiQURNSU4iXSwiZXhwIjoxNjU0ODMzMjcwLCJpYXQiOjE2NTQ3NDY4NzB9.lxN0aCp24Wgv7SpooXZe3Kt7triDEZox3IdSmasx7vTu8YOBIr4ZjUFTkDM9MhE8J8PfO9fxzhtXzhgWAXudrg 
11:45:44.680 [main] DEBUG com.intuit.karate.Suite - [config] classpath:karate-config.js
11:45:45.982 [main] INFO  com.intuit.karate - karate.env system property was: null 
11:45:46.858 [main] DEBUG com.intuit.karate - request:
1 > POST https://tek-insurance-api.azurewebsites.net/api/token
1 > Content-Type: application/json; charset=UTF-8
1 > Content-Length: 39
1 > Host: tek-insurance-api.azurewebsites.net
1 > Connection: Keep-Alive
1 > User-Agent: Apache-HttpClient/4.5.13 (Java/1.8.0_311)
1 > Accept-Encoding: gzip,deflate
{"username":"admin","password":"admin"}

11:45:47.626 [main] DEBUG com.intuit.karate - response time in milliseconds: 760
1 < 200
1 < Content-Type: application/json
1 < Date: Thu, 09 Jun 2022 15:45:47 GMT
1 < Cache-Control: no-cache, no-store, max-age=0, must-revalidate
1 < Expires: 0
1 < Pragma: no-cache
1 < Transfer-Encoding: chunked
1 < Vary: Origin
1 < Vary: Access-Control-Request-Method
1 < Vary: Access-Control-Request-Headers
1 < X-Content-Type-Options: nosniff
1 < X-XSS-Protection: 1; mode=block
1 < Strict-Transport-Security: max-age=31536000 ; includeSubDomains
1 < X-Frame-Options: DENY
{"fullName":"Admin User","username":"Admin","token":"eyJraWQiOiJUZWtzY2hvb2wgSW5zdXJhbmNlIEFwcGxpY2F0aW9uIiwidHlwIjoiSldUIiwiYWxnIjoiSFM1MTIifQ.eyJhdWQiOiJVc2VyIG1hbmFnZW1lbnQgcG9ydGFsIiwic3ViIjoiQWRtaW4iLCJpc3MiOiJUZWsgSW5zdXJhbmNlIEFwcGxpY2F0aW9uIiwiQXV0aG9yaXRpZXMiOlsiQURNSU4iXSwiZXhwIjoxNjU0ODc1OTQ3LCJpYXQiOjE2NTQ3ODk1NDd9.mdvKNpQ6iLpQqkZims-O2qkrcZWiLntvNp2-Zr52GedKXP02PluzptzFVq7zliXHfk_myOMa7WuuhksMJYaAMg","generateDate":1654789547596}

11:45:47.680 [main] INFO  com.intuit.karate - [print] {
  "fullName": "Admin User",
  "username": "Admin",
  "token": "eyJraWQiOiJUZWtzY2hvb2wgSW5zdXJhbmNlIEFwcGxpY2F0aW9uIiwidHlwIjoiSldUIiwiYWxnIjoiSFM1MTIifQ.eyJhdWQiOiJVc2VyIG1hbmFnZW1lbnQgcG9ydGFsIiwic3ViIjoiQWRtaW4iLCJpc3MiOiJUZWsgSW5zdXJhbmNlIEFwcGxpY2F0aW9uIiwiQXV0aG9yaXRpZXMiOlsiQURNSU4iXSwiZXhwIjoxNjU0ODc1OTQ3LCJpYXQiOjE2NTQ3ODk1NDd9.mdvKNpQ6iLpQqkZims-O2qkrcZWiLntvNp2-Zr52GedKXP02PluzptzFVq7zliXHfk_myOMa7WuuhksMJYaAMg",
  "generateDate": 1654789547596
}
 
11:45:47.689 [main] INFO  com.intuit.karate - [print] eyJraWQiOiJUZWtzY2hvb2wgSW5zdXJhbmNlIEFwcGxpY2F0aW9uIiwidHlwIjoiSldUIiwiYWxnIjoiSFM1MTIifQ.eyJhdWQiOiJVc2VyIG1hbmFnZW1lbnQgcG9ydGFsIiwic3ViIjoiQWRtaW4iLCJpc3MiOiJUZWsgSW5zdXJhbmNlIEFwcGxpY2F0aW9uIiwiQXV0aG9yaXRpZXMiOlsiQURNSU4iXSwiZXhwIjoxNjU0ODc1OTQ3LCJpYXQiOjE2NTQ3ODk1NDd9.mdvKNpQ6iLpQqkZims-O2qkrcZWiLntvNp2-Zr52GedKXP02PluzptzFVq7zliXHfk_myOMa7WuuhksMJYaAMg 
11:45:47.704 [main] DEBUG com.intuit.karate - request:
2 > GET https://tek-insurance-api.azurewebsites.net/api/accounts/get-account?primaryPersonId=500
2 > Authorization: Bearer eyJraWQiOiJUZWtzY2hvb2wgSW5zdXJhbmNlIEFwcGxpY2F0aW9uIiwidHlwIjoiSldUIiwiYWxnIjoiSFM1MTIifQ.eyJhdWQiOiJVc2VyIG1hbmFnZW1lbnQgcG9ydGFsIiwic3ViIjoiQWRtaW4iLCJpc3MiOiJUZWsgSW5zdXJhbmNlIEFwcGxpY2F0aW9uIiwiQXV0aG9yaXRpZXMiOlsiQURNSU4iXSwiZXhwIjoxNjU0ODc1OTQ3LCJpYXQiOjE2NTQ3ODk1NDd9.mdvKNpQ6iLpQqkZims-O2qkrcZWiLntvNp2-Zr52GedKXP02PluzptzFVq7zliXHfk_myOMa7WuuhksMJYaAMg
2 > Host: tek-insurance-api.azurewebsites.net
2 > Connection: Keep-Alive
2 > User-Agent: Apache-HttpClient/4.5.13 (Java/1.8.0_311)
2 > Accept-Encoding: gzip,deflate


11:45:48.158 [main] DEBUG com.intuit.karate - response time in milliseconds: 442
2 < 500
2 < Content-Type: application/json
2 < Date: Thu, 09 Jun 2022 15:45:47 GMT
2 < Cache-Control: no-cache, no-store, max-age=0, must-revalidate
2 < Expires: 0
2 < Pragma: no-cache
2 < Transfer-Encoding: chunked
2 < Vary: Origin
2 < Vary: Access-Control-Request-Method
2 < Vary: Access-Control-Request-Headers
2 < X-Content-Type-Options: nosniff
2 < X-XSS-Protection: 1; mode=block
2 < Strict-Transport-Security: max-age=31536000 ; includeSubDomains
2 < X-Frame-Options: DENY
2 < Set-Cookie: JSESSIONID=32AE9A9F07ACF7E6A1424F80F8D8AE3E; Domain=tek-insurance-api.azurewebsites.net; Secure
{"timestamp":1654789548122,"message":"NOT_FOUND","detail":"uri=/api/accounts/get-account","cause":null}

11:45:48.171 [main] ERROR com.intuit.karate - classpath:sharks/insurance.feature:20
Then status 200
status code was: 500, expected: 200, response time in milliseconds: 442, url: https://tek-insurance-api.azurewebsites.net/api/accounts/get-account?primaryPersonId=500, response: 
{"timestamp":1654789548122,"message":"NOT_FOUND","detail":"uri=/api/accounts/get-account","cause":null}
classpath:sharks/insurance.feature:20
11:53:59.122 [main] DEBUG com.intuit.karate.Suite - [config] classpath:karate-config.js
11:54:00.325 [main] INFO  com.intuit.karate - karate.env system property was: null 
11:54:01.031 [main] DEBUG com.intuit.karate - request:
1 > POST https://tek-insurance-api.azurewebsites.net/api/token
1 > Content-Type: application/json; charset=UTF-8
1 > Content-Length: 39
1 > Host: tek-insurance-api.azurewebsites.net
1 > Connection: Keep-Alive
1 > User-Agent: Apache-HttpClient/4.5.13 (Java/1.8.0_311)
1 > Accept-Encoding: gzip,deflate
{"username":"admin","password":"admin"}

11:54:01.785 [main] DEBUG com.intuit.karate - response time in milliseconds: 747
1 < 200
1 < Content-Type: application/json
1 < Date: Thu, 09 Jun 2022 15:54:01 GMT
1 < Cache-Control: no-cache, no-store, max-age=0, must-revalidate
1 < Expires: 0
1 < Pragma: no-cache
1 < Transfer-Encoding: chunked
1 < Vary: Origin
1 < Vary: Access-Control-Request-Method
1 < Vary: Access-Control-Request-Headers
1 < X-Content-Type-Options: nosniff
1 < X-XSS-Protection: 1; mode=block
1 < Strict-Transport-Security: max-age=31536000 ; includeSubDomains
1 < X-Frame-Options: DENY
{"fullName":"Admin User","username":"Admin","token":"eyJraWQiOiJUZWtzY2hvb2wgSW5zdXJhbmNlIEFwcGxpY2F0aW9uIiwidHlwIjoiSldUIiwiYWxnIjoiSFM1MTIifQ.eyJhdWQiOiJVc2VyIG1hbmFnZW1lbnQgcG9ydGFsIiwic3ViIjoiQWRtaW4iLCJpc3MiOiJUZWsgSW5zdXJhbmNlIEFwcGxpY2F0aW9uIiwiQXV0aG9yaXRpZXMiOlsiQURNSU4iXSwiZXhwIjoxNjU0ODc2NDQxLCJpYXQiOjE2NTQ3OTAwNDF9.uZZlQPOSO0nA5YJ0TDMwTFYdjv_d-GGwoSr3AJEglpOKFQn90jhz64jDSpXXs_RW1MSiy91IgvUrUOAvLCRmxQ","generateDate":1654790041746}

11:54:01.832 [main] INFO  com.intuit.karate - [print] {
  "fullName": "Admin User",
  "username": "Admin",
  "token": "eyJraWQiOiJUZWtzY2hvb2wgSW5zdXJhbmNlIEFwcGxpY2F0aW9uIiwidHlwIjoiSldUIiwiYWxnIjoiSFM1MTIifQ.eyJhdWQiOiJVc2VyIG1hbmFnZW1lbnQgcG9ydGFsIiwic3ViIjoiQWRtaW4iLCJpc3MiOiJUZWsgSW5zdXJhbmNlIEFwcGxpY2F0aW9uIiwiQXV0aG9yaXRpZXMiOlsiQURNSU4iXSwiZXhwIjoxNjU0ODc2NDQxLCJpYXQiOjE2NTQ3OTAwNDF9.uZZlQPOSO0nA5YJ0TDMwTFYdjv_d-GGwoSr3AJEglpOKFQn90jhz64jDSpXXs_RW1MSiy91IgvUrUOAvLCRmxQ",
  "generateDate": 1654790041746
}
 
11:54:01.841 [main] INFO  com.intuit.karate - [print] eyJraWQiOiJUZWtzY2hvb2wgSW5zdXJhbmNlIEFwcGxpY2F0aW9uIiwidHlwIjoiSldUIiwiYWxnIjoiSFM1MTIifQ.eyJhdWQiOiJVc2VyIG1hbmFnZW1lbnQgcG9ydGFsIiwic3ViIjoiQWRtaW4iLCJpc3MiOiJUZWsgSW5zdXJhbmNlIEFwcGxpY2F0aW9uIiwiQXV0aG9yaXRpZXMiOlsiQURNSU4iXSwiZXhwIjoxNjU0ODc2NDQxLCJpYXQiOjE2NTQ3OTAwNDF9.uZZlQPOSO0nA5YJ0TDMwTFYdjv_d-GGwoSr3AJEglpOKFQn90jhz64jDSpXXs_RW1MSiy91IgvUrUOAvLCRmxQ 
11:54:01.860 [main] DEBUG com.intuit.karate - request:
2 > GET https://tek-insurance-api.azurewebsites.net/api/accounts/get-account?primaryPersonId=5265
2 > Authorization: Bearer eyJraWQiOiJUZWtzY2hvb2wgSW5zdXJhbmNlIEFwcGxpY2F0aW9uIiwidHlwIjoiSldUIiwiYWxnIjoiSFM1MTIifQ.eyJhdWQiOiJVc2VyIG1hbmFnZW1lbnQgcG9ydGFsIiwic3ViIjoiQWRtaW4iLCJpc3MiOiJUZWsgSW5zdXJhbmNlIEFwcGxpY2F0aW9uIiwiQXV0aG9yaXRpZXMiOlsiQURNSU4iXSwiZXhwIjoxNjU0ODc2NDQxLCJpYXQiOjE2NTQ3OTAwNDF9.uZZlQPOSO0nA5YJ0TDMwTFYdjv_d-GGwoSr3AJEglpOKFQn90jhz64jDSpXXs_RW1MSiy91IgvUrUOAvLCRmxQ
2 > Host: tek-insurance-api.azurewebsites.net
2 > Connection: Keep-Alive
2 > User-Agent: Apache-HttpClient/4.5.13 (Java/1.8.0_311)
2 > Accept-Encoding: gzip,deflate


11:54:02.367 [main] DEBUG com.intuit.karate - response time in milliseconds: 498
2 < 200
2 < Content-Type: application/json
2 < Date: Thu, 09 Jun 2022 15:54:01 GMT
2 < Cache-Control: no-cache, no-store, max-age=0, must-revalidate
2 < Expires: 0
2 < Pragma: no-cache
2 < Transfer-Encoding: chunked
2 < Vary: Origin
2 < Vary: Access-Control-Request-Method
2 < Vary: Access-Control-Request-Headers
2 < X-Content-Type-Options: nosniff
2 < X-XSS-Protection: 1; mode=block
2 < Strict-Transport-Security: max-age=31536000 ; includeSubDomains
2 < X-Frame-Options: DENY
2 < Set-Cookie: JSESSIONID=7E595DA3137FEDDBA913A009B074569B; Domain=tek-insurance-api.azurewebsites.net; Secure
{"primaryPerson":{"id":5265,"email":"kamal@gmial.com","title":"Mr","firstName":"Kamal","lastName":"Jamal","gender":"MALE","maritalStatus":"MARRIED","employmentStatus":"string","dateOfBirth":"01/07/1994"},"primaryPersonMailingAddresses":[{"id":5012,"addressType":"House","addressLine1":"345 Washington Blv","city":"Arlington","state":"VA","postalCode":"22310","countryCode":"001"}],"primaryPersonPhones":[{"id":4983,"phoneNumber":"3457872274","phoneExtension":"","phoneTime":"","phoneType":""}],"primaryPersonCars":[]}

11:54:02.379 [main] INFO  com.intuit.karate - [print] {
  "primaryPerson": {
    "id": 5265,
    "email": "kamal@gmial.com",
    "title": "Mr",
    "firstName": "Kamal",
    "lastName": "Jamal",
    "gender": "MALE",
    "maritalStatus": "MARRIED",
    "employmentStatus": "string",
    "dateOfBirth": "01/07/1994"
  },
  "primaryPersonMailingAddresses": [
    {
      "id": 5012,
      "addressType": "House",
      "addressLine1": "345 Washington Blv",
      "city": "Arlington",
      "state": "VA",
      "postalCode": "22310",
      "countryCode": "001"
    }
  ],
  "primaryPersonPhones": [
    {
      "id": 4983,
      "phoneNumber": "3457872274",
      "phoneExtension": "",
      "phoneTime": "",
      "phoneType": ""
    }
  ],
  "primaryPersonCars": [
  ]
}
 
